<?xml version="1.0" encoding="UTF-8"?>
<testsuite name="ru.netology.WebSelenium.AppOrderNegativeTest" tests="10" skipped="0" failures="0" errors="0" timestamp="2024-06-15T12:14:48" hostname="LAPTOP-DVIS9T4E" time="15.604">
  <properties/>
  <testcase name="shouldBeFailedDataNotEnteredInsufficient()" classname="ru.netology.WebSelenium.AppOrderNegativeTest" time="2.106"/>
  <testcase name="shouldBeFailedPhoneIncorrectNumbers()" classname="ru.netology.WebSelenium.AppOrderNegativeTest" time="1.525"/>
  <testcase name="shouldBeSufficientNumberDigits()" classname="ru.netology.WebSelenium.AppOrderNegativeTest" time="1.515"/>
  <testcase name="shouldBeFailedWithoutCheckBox()" classname="ru.netology.WebSelenium.AppOrderNegativeTest" time="1.482"/>
  <testcase name="shouldBeFailedIncorrectPhone()" classname="ru.netology.WebSelenium.AppOrderNegativeTest" time="1.507"/>
  <testcase name="shouldBePhoneIsNotCorrect()" classname="ru.netology.WebSelenium.AppOrderNegativeTest" time="1.547"/>
  <testcase name="shouldBeFailedDataNotEnteredEnough()" classname="ru.netology.WebSelenium.AppOrderNegativeTest" time="1.48"/>
  <testcase name="shouldBeWithoutSpaces()" classname="ru.netology.WebSelenium.AppOrderNegativeTest" time="1.496"/>
  <testcase name="shouldBeFailedIncorrectNameInput()" classname="ru.netology.WebSelenium.AppOrderNegativeTest" time="1.459"/>
  <testcase name="shouldBeFailedWithoutName()" classname="ru.netology.WebSelenium.AppOrderNegativeTest" time="1.483"/>
  <system-out><![CDATA[]]></system-out>
  <system-err><![CDATA[]]></system-err>
</testsuite>
